LOG::START::2023-04-02_12:05:31

LOG::ESTIMATOR_SESSION_START_TIME::1680417425.2016497

LOG::JOB_START_TIME::1680417425.2471523
LOG::JOB_ID::cgki55hrv8r38c7lkou0
LOG::PARAMETERS::[-0.2 -0.2 -0.2  0.2  0.2 -0.2]
LOG::ESTIMATOR_SESSION_START_TIME::1680527447.7210596

LOG::JOB_START_TIME::1680527447.749406
LOG::JOB_ID::cgld0n9rv8r87dprsmg0
LOG::PARAMETERS::[-0.2  0.2  0.2  0.2  0.2 -0.2]
LOG::ESTIMATOR_SESSION_START_TIME::1680673742.9180624

LOG::JOB_START_TIME::1680673742.9356012
LOG::JOB_ID::cgmgnk45firgbv6hrs20
LOG::PARAMETERS::[-0.2 -0.2 -0.2  0.2 -0.2  0.2]
LOG::ESTIMATOR_SESSION_START_TIME::1680674977.8948705

LOG::JOB_START_TIME::1680674977.9150653
LOG::JOB_ID::cgmh18s5firgbv6hvspg
LOG::PARAMETERS::[-0.2 -0.2 -0.2  0.2  0.2  0.2]
LOG::ESTIMATOR_SESSION_START_TIME::1680676878.9948945

LOG::JOB_START_TIME::1680676879.0161
LOG::JOB_ID::cgmhg4c42470e1978odg
LOG::PARAMETERS::[-0.2  0.2 -0.2  0.2 -0.2  0.2]
LOG::JOB_END_TIME::1680684923.5924091
LOG::JOB_RESULT::EstimatorResult(values=array([-17.92643831]), metadata=[{'standard_error': 0.11016766766208452, 'confidence_interval': [-17.969385354944713, -17.883491255808103], 'confidence_level': 0.95, 'shots': 1682304, 'samples': 13143, 'sampling_overhead': 3.285766637831603, 'total_mitigated_layers': 1}])
LOG::CALLBACK_CALLED

LOG::JOB_START_TIME::1680684923.645097
LOG::JOB_ID::cgmjevc424729bqjpqkg
LOG::PARAMETERS::[ 0.2 -0.2  0.2 -0.2  0.2 -0.2]
LOG::JOB_END_TIME::1680690119.8919842
LOG::JOB_RESULT::EstimatorResult(values=array([-17.81605892]), metadata=[{'standard_error': 0.11035813695604013, 'confidence_interval': [-17.85900614933045, -17.77311169618918], 'confidence_level': 0.95, 'shots': 1712640, 'samples': 13380, 'sampling_overhead': 3.3450445102703945, 'total_mitigated_layers': 1}])
LOG::CALLBACK_CALLED

LOG::JOB_START_TIME::1680690119.9367745
LOG::JOB_ID::cgmkni5aro21dgkn3f40
LOG::PARAMETERS::[ 0.2  0.2  0.2 -0.2 -0.2 -0.2]
LOG::JOB_END_TIME::1680695258.9953804
LOG::JOB_RESULT::EstimatorResult(values=array([-17.70587768]), metadata=[{'standard_error': 0.11058453560753462, 'confidence_interval': [-17.748825114798503, -17.66293023716924], 'confidence_level': 0.95, 'shots': 1761536, 'samples': 13762, 'sampling_overhead': 3.4405797872885455, 'total_mitigated_layers': 1}])
LOG::CALLBACK_CALLED

LOG::JOB_START_TIME::1680695259.0508485
LOG::JOB_ID::cgmlvmtaro21dgkoe78g
LOG::PARAMETERS::[-0.2 -0.2 -0.2  0.2  0.2  0.2]
LOG::JOB_END_TIME::1680700378.877418
LOG::JOB_RESULT::EstimatorResult(values=array([-18.10953615]), metadata=[{'standard_error': 0.110514897300581, 'confidence_interval': [-18.15248311381268, -18.066589182701904], 'confidence_level': 0.95, 'shots': 1817984, 'samples': 14203, 'sampling_overhead': 3.5507540876999633, 'total_mitigated_layers': 1}])
LOG::CALLBACK_CALLED

LOG::JOB_START_TIME::1680700378.9137907
